Determining if the pthread_create exist failed with the following output:
Change Dir: /home/pedro/OccupancyGridMapping/sa_project/build/CMakeFiles/CMakeTmp

Run Build Command:"/usr/bin/make" "cmTC_ea1a3/fast"
/usr/bin/make -f CMakeFiles/cmTC_ea1a3.dir/build.make CMakeFiles/cmTC_ea1a3.dir/build
make[1]: Entering directory '/home/pedro/OccupancyGridMapping/sa_project/build/CMakeFiles/CMakeTmp'
Building C object CMakeFiles/cmTC_ea1a3.dir/CheckSymbolExists.c.o
/usr/bin/cc    -o CMakeFiles/cmTC_ea1a3.dir/CheckSymbolExists.c.o   -c /home/pedro/OccupancyGridMapping/sa_project/build/CMakeFiles/CMakeTmp/CheckSymbolExists.c
Linking C executable cmTC_ea1a3
/usr/bin/cmake -E cmake_link_script CMakeFiles/cmTC_ea1a3.dir/link.txt --verbose=1
/usr/bin/cc      -rdynamic CMakeFiles/cmTC_ea1a3.dir/CheckSymbolExists.c.o  -o cmTC_ea1a3 
CMakeFiles/cmTC_ea1a3.dir/CheckSymbolExists.c.o: na função `main':
CheckSymbolExists.c:(.text+0x1b): referência indefinida a `pthread_create'
collect2: error: ld returned 1 exit status
CMakeFiles/cmTC_ea1a3.dir/build.make:97: recipe for target 'cmTC_ea1a3' failed
make[1]: *** [cmTC_ea1a3] Error 1
make[1]: Leaving directory '/home/pedro/OccupancyGridMapping/sa_project/build/CMakeFiles/CMakeTmp'
Makefile:126: recipe for target 'cmTC_ea1a3/fast' failed
make: *** [cmTC_ea1a3/fast] Error 2

File /home/pedro/OccupancyGridMapping/sa_project/build/CMakeFiles/CMakeTmp/CheckSymbolExists.c:
/* */
#include <pthread.h>

int main(int argc, char** argv)
{
  (void)argv;
#ifndef pthread_create
  return ((int*)(&pthread_create))[argc];
#else
  (void)argc;
  return 0;
#endif
}

Determining if the function pthread_create exists in the pthreads failed with the following output:
Change Dir: /home/pedro/OccupancyGridMapping/sa_project/build/CMakeFiles/CMakeTmp

Run Build Command:"/usr/bin/make" "cmTC_f8f15/fast"
/usr/bin/make -f CMakeFiles/cmTC_f8f15.dir/build.make CMakeFiles/cmTC_f8f15.dir/build
make[1]: Entering directory '/home/pedro/OccupancyGridMapping/sa_project/build/CMakeFiles/CMakeTmp'
Building C object CMakeFiles/cmTC_f8f15.dir/CheckFunctionExists.c.o
/usr/bin/cc   -DCHECK_FUNCTION_EXISTS=pthread_create   -o CMakeFiles/cmTC_f8f15.dir/CheckFunctionExists.c.o   -c /usr/share/cmake-3.10/Modules/CheckFunctionExists.c
Linking C executable cmTC_f8f15
/usr/bin/cmake -E cmake_link_script CMakeFiles/cmTC_f8f15.dir/link.txt --verbose=1
/usr/bin/cc  -DCHECK_FUNCTION_EXISTS=pthread_create    -rdynamic CMakeFiles/cmTC_f8f15.dir/CheckFunctionExists.c.o  -o cmTC_f8f15 -lpthreads 
/usr/bin/ld: não foi possível localizar -lpthreads
collect2: error: ld returned 1 exit status
CMakeFiles/cmTC_f8f15.dir/build.make:97: recipe for target 'cmTC_f8f15' failed
make[1]: *** [cmTC_f8f15] Error 1
make[1]: Leaving directory '/home/pedro/OccupancyGridMapping/sa_project/build/CMakeFiles/CMakeTmp'
Makefile:126: recipe for target 'cmTC_f8f15/fast' failed
make: *** [cmTC_f8f15/fast] Error 2


